<?xml version="1.0" encoding="UTF-8"?>
<!-- Generated by org.testng.reporters.JUnitReportReporter -->
<testsuite hostname="INBOOK_X2_PLUS" failures="0" tests="1" name="kumar.TestAnnotations" time="9.512" errors="0" timestamp="2024-12-15T20:51:24 IST" skipped="0">
  <testcase classname="kumar.TestAnnotations" name="login" time="9.512"/>
</testsuite> <!-- kumar.TestAnnotations -->
